Library/Bee/Android/Prj/Mono2x/Gradle/launcher/build/intermediates/manifest_merge_blame_file/release/manifest-merger-blame-release-report.txt
1<?xml version="1.0" encoding="utf-8"?>
2<manifest xmlns:android="http://schemas.android.com/apk/res/android"
3    package="com.DefaultCompany.ARBOOKProject"
4    android:installLocation="preferExternal"
5    android:versionCode="1"
6    android:versionName="0.1" >
7
8    <uses-sdk
9        android:minSdkVersion="27"
9-->src/main/AndroidManifest.xml
10        android:targetSdkVersion="30" />
10-->src/main/AndroidManifest.xml
11
12    <supports-screens
12-->src/main/AndroidManifest.xml:3:3-163
13        android:anyDensity="true"
13-->src/main/AndroidManifest.xml:3:135-160
14        android:largeScreens="true"
14-->src/main/AndroidManifest.xml:3:78-105
15        android:normalScreens="true"
15-->src/main/AndroidManifest.xml:3:49-77
16        android:smallScreens="true"
16-->src/main/AndroidManifest.xml:3:21-48
17        android:xlargeScreens="true" />
17-->src/main/AndroidManifest.xml:3:106-134
18
19    <uses-feature android:glEsVersion="0x00030000" />
19-->[:unityLibrary] AndroidManifest.xml:12:5-54
19-->[:unityLibrary] AndroidManifest.xml:12:19-51
20
21    <uses-permission android:name="android.permission.INTERNET" />
21-->[:unityLibrary] AndroidManifest.xml:14:5-67
21-->[:unityLibrary] AndroidManifest.xml:14:22-64
22    <uses-permission android:name="android.permission.ACCESS_NETWORK_STATE" />
22-->[:unityLibrary] AndroidManifest.xml:15:5-79
22-->[:unityLibrary] AndroidManifest.xml:15:22-76
23    <uses-permission android:name="android.permission.CAMERA" />
23-->[:unityLibrary] AndroidManifest.xml:16:5-65
23-->[:unityLibrary] AndroidManifest.xml:16:22-62
24
25    <uses-feature
25-->[:unityLibrary] AndroidManifest.xml:18:5-20:36
26        android:name="android.hardware.camera"
26-->[:unityLibrary] AndroidManifest.xml:19:9-47
27        android:required="true" />
27-->[:unityLibrary] AndroidManifest.xml:20:9-33
28    <uses-feature
28-->[:unityLibrary] AndroidManifest.xml:21:5-23:36
29        android:name="android.hardware.camera.autofocus"
29-->[:unityLibrary] AndroidManifest.xml:22:9-57
30        android:required="false" />
30-->[:unityLibrary] AndroidManifest.xml:23:9-33
31    <uses-feature
31-->[:unityLibrary] AndroidManifest.xml:24:5-26:36
32        android:name="android.hardware.camera.front"
32-->[:unityLibrary] AndroidManifest.xml:25:9-53
33        android:required="false" />
33-->[:unityLibrary] AndroidManifest.xml:26:9-33
34    <uses-feature
34-->[:unityLibrary] AndroidManifest.xml:27:5-29:36
35        android:name="android.hardware.touchscreen"
35-->[:unityLibrary] AndroidManifest.xml:28:9-52
36        android:required="false" />
36-->[:unityLibrary] AndroidManifest.xml:29:9-33
37    <uses-feature
37-->[:unityLibrary] AndroidManifest.xml:30:5-32:36
38        android:name="android.hardware.touchscreen.multitouch"
38-->[:unityLibrary] AndroidManifest.xml:31:9-63
39        android:required="false" />
39-->[:unityLibrary] AndroidManifest.xml:32:9-33
40    <uses-feature
40-->[:unityLibrary] AndroidManifest.xml:33:5-35:36
41        android:name="android.hardware.touchscreen.multitouch.distinct"
41-->[:unityLibrary] AndroidManifest.xml:34:9-72
42        android:required="false" />
42-->[:unityLibrary] AndroidManifest.xml:35:9-33
43    <!--
44        Required by Vuforia: Add this permission to access IMU sensors at high rate
45        for device tracker functionality on Android 12+.
46    -->
47    <uses-permission android:name="android.permission.HIGH_SAMPLING_RATE_SENSORS" />
47-->[:VuforiaEngine:] AndroidManifest.xml:16:5-85
47-->[:VuforiaEngine:] AndroidManifest.xml:16:22-82
48
49    <application
49-->src/main/AndroidManifest.xml:4:3-83
50        android:extractNativeLibs="true"
50-->[:unityLibrary] AndroidManifest.xml:37:18-50
51        android:icon="@mipmap/app_icon"
51-->src/main/AndroidManifest.xml:4:49-80
52        android:label="@string/app_name" >
52-->src/main/AndroidManifest.xml:4:16-48
53        <activity
53-->[:unityLibrary] AndroidManifest.xml:38:9-58:20
54            android:name="com.unity3d.player.UnityPlayerActivity"
54-->[:unityLibrary] AndroidManifest.xml:39:13-66
55            android:configChanges="mcc|mnc|locale|touchscreen|keyboard|keyboardHidden|navigation|orientation|screenLayout|uiMode|screenSize|smallestScreenSize|fontScale|layoutDirection|density"
55-->[:unityLibrary] AndroidManifest.xml:40:13-194
56            android:hardwareAccelerated="false"
56-->[:unityLibrary] AndroidManifest.xml:41:13-48
57            android:launchMode="singleTask"
57-->[:unityLibrary] AndroidManifest.xml:42:13-44
58            android:resizeableActivity="false"
58-->[:unityLibrary] AndroidManifest.xml:43:13-47
59            android:screenOrientation="fullUser"
59-->[:unityLibrary] AndroidManifest.xml:44:13-49
60            android:theme="@style/UnityThemeSelector" >
60-->[:unityLibrary] AndroidManifest.xml:45:13-54
61            <intent-filter>
61-->[:unityLibrary] AndroidManifest.xml:46:13-50:29
62                <action android:name="android.intent.action.MAIN" />
62-->[:unityLibrary] AndroidManifest.xml:47:17-69
62-->[:unityLibrary] AndroidManifest.xml:47:25-66
63
64                <category android:name="android.intent.category.LAUNCHER" />
64-->[:unityLibrary] AndroidManifest.xml:49:17-77
64-->[:unityLibrary] AndroidManifest.xml:49:27-74
65            </intent-filter>
66
67            <meta-data
67-->[:unityLibrary] AndroidManifest.xml:52:13-54:40
68                android:name="unityplayer.UnityActivity"
68-->[:unityLibrary] AndroidManifest.xml:53:17-57
69                android:value="true" />
69-->[:unityLibrary] AndroidManifest.xml:54:17-37
70            <meta-data
70-->[:unityLibrary] AndroidManifest.xml:55:13-57:40
71                android:name="android.notch_support"
71-->[:unityLibrary] AndroidManifest.xml:56:17-53
72                android:value="true" />
72-->[:unityLibrary] AndroidManifest.xml:57:17-37
73        </activity>
74
75        <meta-data
75-->[:unityLibrary] AndroidManifest.xml:60:9-62:33
76            android:name="unity.splash-mode"
76-->[:unityLibrary] AndroidManifest.xml:61:13-45
77            android:value="0" />
77-->[:unityLibrary] AndroidManifest.xml:62:13-30
78        <meta-data
78-->[:unityLibrary] AndroidManifest.xml:63:9-65:36
79            android:name="unity.splash-enable"
79-->[:unityLibrary] AndroidManifest.xml:64:13-47
80            android:value="True" />
80-->[:unityLibrary] AndroidManifest.xml:65:13-33
81        <meta-data
81-->[:unityLibrary] AndroidManifest.xml:66:9-68:36
82            android:name="unity.launch-fullscreen"
82-->[:unityLibrary] AndroidManifest.xml:67:13-51
83            android:value="True" />
83-->[:unityLibrary] AndroidManifest.xml:68:13-33
84        <meta-data
84-->[:unityLibrary] AndroidManifest.xml:69:9-71:37
85            android:name="unity.allow-resizable-window"
85-->[:unityLibrary] AndroidManifest.xml:70:13-56
86            android:value="False" />
86-->[:unityLibrary] AndroidManifest.xml:71:13-34
87        <meta-data
87-->[:unityLibrary] AndroidManifest.xml:72:9-74:50
88            android:name="notch.config"
88-->[:unityLibrary] AndroidManifest.xml:73:13-40
89            android:value="portrait|landscape" />
89-->[:unityLibrary] AndroidManifest.xml:74:13-47
90
91        <provider
91-->[:VuforiaEngine:] AndroidManifest.xml:25:9-33:20
92            android:name="com.vuforia.engine.app.VuforiaContentProvider"
92-->[:VuforiaEngine:] AndroidManifest.xml:26:13-73
93            android:authorities="com.DefaultCompany.ARBOOKProject.vuforia.share"
93-->[:VuforiaEngine:] AndroidManifest.xml:27:13-65
94            android:exported="false"
94-->[:VuforiaEngine:] AndroidManifest.xml:28:13-37
95            android:grantUriPermissions="true" >
95-->[:VuforiaEngine:] AndroidManifest.xml:29:13-47
96            <meta-data
96-->[:VuforiaEngine:] AndroidManifest.xml:30:13-32:53
97                android:name="android.support.FILE_PROVIDER_PATHS"
97-->[:VuforiaEngine:] AndroidManifest.xml:31:17-67
98                android:resource="@xml/filepaths" />
98-->[:VuforiaEngine:] AndroidManifest.xml:32:17-50
99        </provider>
100    </application>
101
102</manifest>